<?xml version="1.0" encoding="UTF-8"?>
<testng-results skipped="0" failed="0" ignored="0" total="1" passed="1">
  <reporter-output>
  </reporter-output>
  <suite name="Default suite" duration-ms="6963" started-at="2017-01-19T03:42:27Z" finished-at="2017-01-19T03:42:34Z">
    <groups>
    </groups>
    <test name="Default test" duration-ms="6963" started-at="2017-01-19T03:42:27Z" finished-at="2017-01-19T03:42:34Z">
      <class name="GoogleNews">
        <test-method status="PASS" signature="beforeMethod()[pri:0, instance:GoogleNews@26653222]" name="beforeMethod" is-config="true" duration-ms="4737" started-at="2017-01-18T22:42:27Z" finished-at="2017-01-18T22:42:32Z">
          <reporter-output>
          </reporter-output>
        </test-method> <!-- beforeMethod -->
        <test-method status="PASS" signature="canSearchTheNews()[pri:0, instance:GoogleNews@26653222]" name="canSearchTheNews" duration-ms="1923" started-at="2017-01-18T22:42:32Z" finished-at="2017-01-18T22:42:34Z">
          <reporter-output>
          </reporter-output>
        </test-method> <!-- canSearchTheNews -->
        <test-method status="PASS" signature="afterMethod()[pri:0, instance:GoogleNews@26653222]" name="afterMethod" is-config="true" duration-ms="279" started-at="2017-01-18T22:42:34Z" finished-at="2017-01-18T22:42:34Z">
          <reporter-output>
          </reporter-output>
        </test-method> <!-- afterMethod -->
      </class> <!-- GoogleNews -->
    </test> <!-- Default test -->
  </suite> <!-- Default suite -->
</testng-results>
